Determining if the pthread_create exist failed with the following output:
Change Dir: /home/zhaozhichao/Desktop/Babel-master/linux/cmake/project4/build/CMakeFiles/CMakeTmp

Run Build Command:"/usr/bin/make" "cmTC_f3425/fast"
/usr/bin/make -f CMakeFiles/cmTC_f3425.dir/build.make CMakeFiles/cmTC_f3425.dir/build
make[1]: Entering directory '/home/zhaozhichao/Desktop/Babel-master/linux/cmake/project4/build/CMakeFiles/CMakeTmp'
Building C object CMakeFiles/cmTC_f3425.dir/CheckSymbolExists.c.o
/usr/bin/cc   -fPIC    -o CMakeFiles/cmTC_f3425.dir/CheckSymbolExists.c.o   -c /home/zhaozhichao/Desktop/Babel-master/linux/cmake/project4/build/CMakeFiles/CMakeTmp/CheckSymbolExists.c
Linking C executable cmTC_f3425
/usr/bin/cmake -E cmake_link_script CMakeFiles/cmTC_f3425.dir/link.txt --verbose=1
/usr/bin/cc -fPIC     -rdynamic CMakeFiles/cmTC_f3425.dir/CheckSymbolExists.c.o  -o cmTC_f3425 
CMakeFiles/cmTC_f3425.dir/CheckSymbolExists.c.o: In function `main':
CheckSymbolExists.c:(.text+0x1b): undefined reference to `pthread_create'
collect2: error: ld returned 1 exit status
CMakeFiles/cmTC_f3425.dir/build.make:97: recipe for target 'cmTC_f3425' failed
make[1]: *** [cmTC_f3425] Error 1
make[1]: Leaving directory '/home/zhaozhichao/Desktop/Babel-master/linux/cmake/project4/build/CMakeFiles/CMakeTmp'
Makefile:126: recipe for target 'cmTC_f3425/fast' failed
make: *** [cmTC_f3425/fast] Error 2

File /home/zhaozhichao/Desktop/Babel-master/linux/cmake/project4/build/CMakeFiles/CMakeTmp/CheckSymbolExists.c:
/* */
#include <pthread.h>

int main(int argc, char** argv)
{
  (void)argv;
#ifndef pthread_create
  return ((int*)(&pthread_create))[argc];
#else
  (void)argc;
  return 0;
#endif
}

Determining if the function pthread_create exists in the pthreads failed with the following output:
Change Dir: /home/zhaozhichao/Desktop/Babel-master/linux/cmake/project4/build/CMakeFiles/CMakeTmp

Run Build Command:"/usr/bin/make" "cmTC_40c40/fast"
/usr/bin/make -f CMakeFiles/cmTC_40c40.dir/build.make CMakeFiles/cmTC_40c40.dir/build
make[1]: Entering directory '/home/zhaozhichao/Desktop/Babel-master/linux/cmake/project4/build/CMakeFiles/CMakeTmp'
Building C object CMakeFiles/cmTC_40c40.dir/CheckFunctionExists.c.o
/usr/bin/cc   -fPIC -DCHECK_FUNCTION_EXISTS=pthread_create   -o CMakeFiles/cmTC_40c40.dir/CheckFunctionExists.c.o   -c /usr/share/cmake-3.10/Modules/CheckFunctionExists.c
Linking C executable cmTC_40c40
/usr/bin/cmake -E cmake_link_script CMakeFiles/cmTC_40c40.dir/link.txt --verbose=1
/usr/bin/cc -fPIC -DCHECK_FUNCTION_EXISTS=pthread_create    -rdynamic CMakeFiles/cmTC_40c40.dir/CheckFunctionExists.c.o  -o cmTC_40c40 -lpthreads 
/usr/bin/ld: cannot find -lpthreads
collect2: error: ld returned 1 exit status
CMakeFiles/cmTC_40c40.dir/build.make:97: recipe for target 'cmTC_40c40' failed
make[1]: *** [cmTC_40c40] Error 1
make[1]: Leaving directory '/home/zhaozhichao/Desktop/Babel-master/linux/cmake/project4/build/CMakeFiles/CMakeTmp'
Makefile:126: recipe for target 'cmTC_40c40/fast' failed
make: *** [cmTC_40c40/fast] Error 2


